#
# A fatal error has been detected by the Java Runtime Environment:
#
#  EXCEPTION_ACCESS_VIOLATION (0xc0000005) at pc=0x0000000066be7aa4, pid=6692, tid=6484
#
# JRE version: Java(TM) SE Runtime Environment (7.0_45-b18) (build 1.7.0_45-b18)
# Java VM: Java HotSpot(TM) 64-Bit Server VM (24.45-b08 mixed mode windows-amd64 compressed oops)
# Problematic frame:
# C  [gdx-box2d64.dll+0x27aa4]
#
# Failed to write core dump. Minidumps are not enabled by default on client versions of Windows
#
# If you would like to submit a bug report, please visit:
#   http://bugreport.sun.com/bugreport/crash.jsp
# The crash happened outside the Java Virtual Machine in native code.
# See problematic frame for where to report the bug.
#

---------------  T H R E A D  ---------------

Current thread (0x0000000009cd9000):  JavaThread "LWJGL Application" [_thread_in_native, id=6484, stack(0x000000000a6e0000,0x000000000a7e0000)]

siginfo: ExceptionCode=0xc0000005, reading address 0xffffffffffffffff

Registers:
RAX=0xff2a8353ff318a55, RBX=0x00000000ec4bcfe8, RCX=0x0000000009cd91e8, RDX=0x000000000a7df0c0
RSP=0x000000000a7df098, RBP=0x000000000a7df100, RSI=0x0000000000000000, RDI=0x00000000ec4e3fc8
R8 =0x000000000a3ea670, R9 =0x00000000ec4bd168, R10=0x000000000243901b, R11=0x00000000ec4e3fc8
R12=0x0000000000000000, R13=0x0000000002457518, R14=0x000000000a7df1b8, R15=0x0000000009cd9000
RIP=0x0000000066be7aa4, EFLAGS=0x0000000000010246

Top of Stack: (sp=0x000000000a7df098)
0x000000000a7df098:   0000000002439095 0000000000000000
0x000000000a7df0a8:   0000000062bbcb9a 000000000a7df130
0x000000000a7df0b8:   0000000066be653f 00000000ec4bd020
0x000000000a7df0c8:   000000000a7df160 0000000009cd9000
0x000000000a7df0d8:   0000000000000000 0000000000000010
0x000000000a7df0e8:   0000000000000083 0000000000000084
0x000000000a7df0f8:   0000000002435755 00000000ec4e3bb0
0x000000000a7df108:   0000000002430260 00000000ec4e3bb0
0x000000000a7df118:   00000000ec4bd168 00000000ec4e3fc8
0x000000000a7df128:   00000000ec4bd020 00000000ec4bd180
0x000000000a7df138:   00000000023962d3 00000000023962d3
0x000000000a7df148:   0000000002435755 00000000ec4e3c28
0x000000000a7df158:   000000000a7df158 00000000ec4e3bb0
0x000000000a7df168:   0000000002440848 00000000ec4bd168
0x000000000a7df178:   00000000ec4bd0b0 00000000ec4bcf70
0x000000000a7df188:   00000000ec4bd168 00000000ec4bd020 

Instructions: (pc=0x0000000066be7aa4)
0x0000000066be7a84:   31 c3 66 2e 0f 1f 84 00 00 00 00 00 45 84 c9 41
0x0000000066be7a94:   0f 95 40 31 c3 90 90 90 90 90 90 90 49 8b 40 18
0x0000000066be7aa4:   8b 50 08 b8 ff ff ff ff 83 fa 03 77 0a 48 8d 05
0x0000000066be7ab4:   28 13 03 00 8b 04 90 f3 c3 0f 1f 00 49 8b 40 18 


Register to memory mapping:

RAX=0xff2a8353ff318a55 is an unknown value
RBX=0x00000000ec4bcfe8 is an oop
com.badlogic.gdx.utils.Array 
 - klass: 'com/badlogic/gdx/utils/Array'
RCX=0x0000000009cd91e8 is an unknown value
RDX=0x000000000a7df0c0 is pointing into the stack for thread: 0x0000000009cd9000
RSP=0x000000000a7df098 is pointing into the stack for thread: 0x0000000009cd9000
RBP=0x000000000a7df100 is pointing into the stack for thread: 0x0000000009cd9000
RSI=0x0000000000000000 is an unknown value
RDI=0x00000000ec4e3fc8 is an oop
com.badlogic.gdx.graphics.Color 
 - klass: 'com/badlogic/gdx/graphics/Color'
R8 =0x000000000a3ea670 is an unknown value
R9 =0x00000000ec4bd168 is an oop
com.badlogic.gdx.physics.box2d.Transform 
 - klass: 'com/badlogic/gdx/physics/box2d/Transform'
R10=0x000000000243901b is at entry_point+59 in (nmethod*)0x0000000002438e50
R11=0x00000000ec4e3fc8 is an oop
com.badlogic.gdx.graphics.Color 
 - klass: 'com/badlogic/gdx/graphics/Color'
R12=0x0000000000000000 is an unknown value
R13=0x0000000002457518 is at entry_point+248 in (nmethod*)0x0000000002456f90
R14=0x000000000a7df1b8 is pointing into the stack for thread: 0x0000000009cd9000
R15=0x0000000009cd9000 is a thread


Stack: [0x000000000a6e0000,0x000000000a7e0000],  sp=0x000000000a7df098,  free space=1020k
Native frames: (J=compiled Java code, j=interpreted, Vv=VM code, C=native code)
C  [gdx-box2d64.dll+0x27aa4]

Java frames: (J=compiled Java code, j=interpreted, Vv=VM code)
J  com.badlogic.gdx.physics.box2d.Fixture.jniGetType(J)I
J  com.badlogic.gdx.physics.box2d.Box2DDebugRenderer.drawShape(Lcom/badlogic/gdx/physics/box2d/Fixture;Lcom/badlogic/gdx/physics/box2d/Transform;Lcom/badlogic/gdx/graphics/Color;)V
J  com.badlogic.gdx.physics.box2d.Box2DDebugRenderer.renderBody(Lcom/badlogic/gdx/physics/box2d/Body;)V
J  com.badlogic.gdx.physics.box2d.Box2DDebugRenderer.renderBodies(Lcom/badlogic/gdx/physics/box2d/World;)V
j  com.badlogic.gdx.physics.box2d.Box2DDebugRenderer.render(Lcom/badlogic/gdx/physics/box2d/World;Lcom/badlogic/gdx/math/Matrix4;)V+10
j  com.mock.states.TopDownState.render()V+171
j  com.mock.main.GameStateManager.render()V+10
j  com.mock.main.Game.render()V+51
j  com.badlogic.gdx.backends.lwjgl.LwjglApplication.mainLoop()V+698
j  com.badlogic.gdx.backends.lwjgl.LwjglApplication$1.run()V+27
v  ~StubRoutines::call_stub

---------------  P R O C E S S  ---------------

Java Threads: ( => current thread )
  0x0000000009d30000 JavaThread "LWJGL Timer" daemon [_thread_blocked, id=4032, stack(0x000000000e0f0000,0x000000000e1f0000)]
  0x0000000002292800 JavaThread "DestroyJavaVM" [_thread_blocked, id=8464, stack(0x0000000002110000,0x0000000002210000)]
=>0x0000000009cd9000 JavaThread "LWJGL Application" [_thread_in_native, id=6484, stack(0x000000000a6e0000,0x000000000a7e0000)]
  0x000000000811b000 JavaThread "Service Thread" daemon [_thread_blocked, id=3728, stack(0x0000000009870000,0x0000000009970000)]
  0x000000000810b800 JavaThread "C2 CompilerThread1" daemon [_thread_blocked, id=9100, stack(0x0000000009770000,0x0000000009870000)]
  0x0000000008104800 JavaThread "C2 CompilerThread0" daemon [_thread_blocked, id=7944, stack(0x0000000009670000,0x0000000009770000)]
  0x0000000008103800 JavaThread "Attach Listener" daemon [_thread_blocked, id=9188, stack(0x0000000009570000,0x0000000009670000)]
  0x0000000008100800 JavaThread "Signal Dispatcher" daemon [_thread_blocked, id=6540, stack(0x0000000009470000,0x0000000009570000)]
  0x00000000080ce800 JavaThread "Finalizer" daemon [_thread_blocked, id=6876, stack(0x0000000009370000,0x0000000009470000)]
  0x00000000080c3800 JavaThread "Reference Handler" daemon [_thread_blocked, id=9580, stack(0x0000000009270000,0x0000000009370000)]

Other Threads:
  0x00000000080c2000 VMThread [stack: 0x0000000009170000,0x0000000009270000] [id=6400]
  0x000000000812d000 WatcherThread [stack: 0x0000000009970000,0x0000000009a70000] [id=2916]

VM state:not at safepoint (normal execution)

VM Mutex/Monitor currently owned by a thread: None

Heap
 PSYoungGen      total 18944K, used 8403K [0x00000000eb480000, 0x00000000ec980000, 0x0000000100000000)
  eden space 16384K, 35% used [0x00000000eb480000,0x00000000eba39698,0x00000000ec480000)
  from space 2560K, 99% used [0x00000000ec480000,0x00000000ec6fb820,0x00000000ec700000)
  to   space 2560K, 0% used [0x00000000ec700000,0x00000000ec700000,0x00000000ec980000)
 ParOldGen       total 41984K, used 1187K [0x00000000c1e00000, 0x00000000c4700000, 0x00000000eb480000)
  object space 41984K, 2% used [0x00000000c1e00000,0x00000000c1f28f00,0x00000000c4700000)
 PSPermGen       total 21504K, used 7456K [0x00000000bcc00000, 0x00000000be100000, 0x00000000c1e00000)
  object space 21504K, 34% used [0x00000000bcc00000,0x00000000bd348238,0x00000000be100000)

Card table byte_map: [0x0000000005450000,0x0000000005670000] byte_map_base: 0x0000000004e6a000

Polling page: 0x0000000000910000

Code Cache  [0x0000000002390000, 0x0000000002600000, 0x0000000005390000)
 total_blobs=709 nmethods=274 adapters=388 free_code_cache=48169Kb largest_free_block=49301824

Compilation events (10 events):
Event: 63.267 Thread 0x0000000008104800  270             java.nio.charset.CoderResult::isOverflow (14 bytes)
Event: 63.268 Thread 0x0000000008104800 nmethod 270 0x0000000002483150 code [0x0000000002483280, 0x00000000024832d8]
Event: 63.635 Thread 0x000000000810b800  271             java.nio.CharBuffer::hasArray (20 bytes)
Event: 63.637 Thread 0x000000000810b800 nmethod 271 0x0000000002482f10 code [0x0000000002483040, 0x00000000024830b8]
Event: 63.652 Thread 0x0000000008104800  272             java.nio.CharBuffer::<init> (22 bytes)
Event: 63.656 Thread 0x0000000008104800 nmethod 272 0x0000000002482b10 code [0x0000000002482c60, 0x0000000002482d98]
Event: 64.223 Thread 0x000000000810b800  273   !         java.nio.charset.CharsetEncoder::encode (285 bytes)
Event: 64.251 Thread 0x000000000810b800 nmethod 273 0x0000000002484290 code [0x00000000024844c0, 0x00000000024849e8]
Event: 67.494 Thread 0x0000000008104800  274             java.lang.String::substring (79 bytes)
Event: 67.511 Thread 0x0000000008104800 nmethod 274 0x0000000002483b90 code [0x0000000002483ce0, 0x0000000002484018]

GC Heap History (2 events):
Event: 27.025 GC heap before
{Heap before GC invocations=1 (full 0):
 PSYoungGen      total 18944K, used 16384K [0x00000000eb480000, 0x00000000ec980000, 0x0000000100000000)
  eden space 16384K, 100% used [0x00000000eb480000,0x00000000ec480000,0x00000000ec480000)
  from space 2560K, 0% used [0x00000000ec700000,0x00000000ec700000,0x00000000ec980000)
  to   space 2560K, 0% used [0x00000000ec480000,0x00000000ec480000,0x00000000ec700000)
 ParOldGen       total 41984K, used 0K [0x00000000c1e00000, 0x00000000c4700000, 0x00000000eb480000)
  object space 41984K, 0% used [0x00000000c1e00000,0x00000000c1e00000,0x00000000c4700000)
 PSPermGen       total 21504K, used 7324K [0x00000000bcc00000, 0x00000000be100000, 0x00000000c1e00000)
  object space 21504K, 34% used [0x00000000bcc00000,0x00000000bd3271b8,0x00000000be100000)
Event: 27.042 GC heap after
Heap after GC invocations=1 (full 0):
 PSYoungGen      total 18944K, used 2542K [0x00000000eb480000, 0x00000000ec980000, 0x0000000100000000)
  eden space 16384K, 0% used [0x00000000eb480000,0x00000000eb480000,0x00000000ec480000)
  from space 2560K, 99% used [0x00000000ec480000,0x00000000ec6fb820,0x00000000ec700000)
  to   space 2560K, 0% used [0x00000000ec700000,0x00000000ec700000,0x00000000ec980000)
 ParOldGen       total 41984K, used 1187K [0x00000000c1e00000, 0x00000000c4700000, 0x00000000eb480000)
  object space 41984K, 2% used [0x00000000c1e00000,0x00000000c1f28f00,0x00000000c4700000)
 PSPermGen       total 21504K, used 7324K [0x00000000bcc00000, 0x00000000be100000, 0x00000000c1e00000)
  object space 21504K, 34% used [0x00000000bcc00000,0x00000000bd3271b8,0x00000000be100000)
}

Deoptimization events (3 events):
Event: 43.877 Thread 0x0000000009cd9000 Uncommon trap: reason=unreached action=reinterpret pc=0x000000000242f730 method=com.mock.input.TouchInput.containsTouchDown(Lcom/badlogic/gdx/graphics/g2d/Sprite;)Z @ 10
Event: 43.877 Thread 0x0000000009cd9000 Uncommon trap: reason=unreached action=reinterpret pc=0x0000000002463970 method=com.mock.input.TouchInput.isPressed(Lcom/badlogic/gdx/graphics/g2d/Sprite;)Z @ 10
Event: 43.878 Thread 0x0000000009cd9000 Uncommon trap: reason=unreached action=reinterpret pc=0x00000000024697d0 method=com.mock.input.TouchInput.update()V @ 10

Internal exceptions (10 events):
Event: 3.340 Thread 0x0000000009cd9000 Threw 0x00000000ec26c570 at C:\re\jdk7u45\229\hotspot\src\share\vm\prims\jvm.cpp:1244
Event: 3.346 Thread 0x0000000009cd9000 Threw 0x00000000ec2709d0 at C:\re\jdk7u45\229\hotspot\src\share\vm\prims\jvm.cpp:1244
Event: 52.008 Thread 0x0000000009cd9000 Threw 0x00000000eb71cce8 at C:\re\jdk7u45\229\hotspot\src\share\vm\prims\jvm.cpp:1244
Event: 52.010 Thread 0x0000000009cd9000 Threw 0x00000000eb721c30 at C:\re\jdk7u45\229\hotspot\src\share\vm\prims\jvm.cpp:1244
Event: 52.012 Thread 0x0000000009cd9000 Threw 0x00000000eb7271c0 at C:\re\jdk7u45\229\hotspot\src\share\vm\prims\jvm.cpp:1244
Event: 52.014 Thread 0x0000000009cd9000 Threw 0x00000000eb7332c0 at C:\re\jdk7u45\229\hotspot\src\share\vm\prims\jvm.cpp:1244
Event: 52.016 Thread 0x0000000009cd9000 Threw 0x00000000eb737900 at C:\re\jdk7u45\229\hotspot\src\share\vm\prims\jvm.cpp:1244
Event: 52.019 Thread 0x0000000009cd9000 Threw 0x00000000eb742d38 at C:\re\jdk7u45\229\hotspot\src\share\vm\prims\jvm.cpp:1244
Event: 52.023 Thread 0x0000000009cd9000 Threw 0x00000000eb748800 at C:\re\jdk7u45\229\hotspot\src\share\vm\prims\jvm.cpp:1244
Event: 52.024 Thread 0x0000000009cd9000 Threw 0x00000000eb74de08 at C:\re\jdk7u45\229\hotspot\src\share\vm\prims\jvm.cpp:1244

Events (10 events):
Event: 52.019 loading class 0x00000000022d8ea0
Event: 52.019 loading class 0x00000000022d8ea0 done
Event: 52.019 loading class 0x0000000009e3a8f0
Event: 52.019 loading class 0x0000000009e3a8f0 done
Event: 52.021 loading class 0x00000000022d9100
Event: 52.021 loading class 0x00000000022d9100 done
Event: 52.022 loading class 0x0000000009e2dbe0
Event: 52.022 loading class 0x0000000009e2dbe0 done
Event: 52.024 loading class 0x0000000009e39830
Event: 52.024 loading class 0x0000000009e39830 done


Dynamic libraries:
0x00007ff635f90000 - 0x00007ff635fc3000 	C:\Program Files\Java\jdk1.7.0_45\bin\javaw.exe
0x00007ffeadb40000 - 0x00007ffeadd01000 	C:\WINDOWS\SYSTEM32\ntdll.dll
0x00007ffead8f0000 - 0x00007ffead99d000 	C:\WINDOWS\system32\KERNEL32.DLL
0x00007ffeaa5c0000 - 0x00007ffeaa7a8000 	C:\WINDOWS\system32\KERNELBASE.dll
0x00007ffead170000 - 0x00007ffead217000 	C:\WINDOWS\system32\ADVAPI32.dll
0x00007ffeacca0000 - 0x00007ffeacd3d000 	C:\WINDOWS\system32\msvcrt.dll
0x00007ffead890000 - 0x00007ffead8eb000 	C:\WINDOWS\system32\sechost.dll
0x00007ffeaaf40000 - 0x00007ffeab05c000 	C:\WINDOWS\system32\RPCRT4.dll
0x00007ffeab360000 - 0x00007ffeab4b6000 	C:\WINDOWS\system32\USER32.dll
0x00007ffead690000 - 0x00007ffead816000 	C:\WINDOWS\system32\GDI32.dll
0x00007ffea1890000 - 0x00007ffea1b04000 	C:\WINDOWS\WinSxS\amd64_microsoft.windows.common-controls_6595b64144ccf1df_6.0.10586.0_none_8c15ae12515e1c22\COMCTL32.dll
0x00007ffeab4c0000 - 0x00007ffeab73d000 	C:\WINDOWS\system32\combase.dll
0x00007ffeaa1f0000 - 0x00007ffeaa25a000 	C:\WINDOWS\system32\bcryptPrimitives.dll
0x00007ffeab170000 - 0x00007ffeab1ab000 	C:\WINDOWS\system32\IMM32.DLL
0x0000000062800000 - 0x00000000628d2000 	C:\Program Files\Java\jdk1.7.0_45\jre\bin\msvcr100.dll
0x0000000062aa0000 - 0x0000000063269000 	C:\Program Files\Java\jdk1.7.0_45\jre\bin\server\jvm.dll
0x00007ffead820000 - 0x00007ffead828000 	C:\WINDOWS\system32\PSAPI.DLL
0x00007ffe9ed60000 - 0x00007ffe9ed69000 	C:\WINDOWS\SYSTEM32\WSOCK32.dll
0x00007ffea8320000 - 0x00007ffea8343000 	C:\WINDOWS\SYSTEM32\WINMM.dll
0x00007ffeadad0000 - 0x00007ffeadb3b000 	C:\WINDOWS\system32\WS2_32.dll
0x00000000020e0000 - 0x000000000210c000 	C:\WINDOWS\SYSTEM32\WINMMBASE.dll
0x00007ffeaa260000 - 0x00007ffeaa2a3000 	C:\WINDOWS\system32\cfgmgr32.dll
0x00000000629b0000 - 0x00000000629bf000 	C:\Program Files\Java\jdk1.7.0_45\jre\bin\verify.dll
0x0000000062980000 - 0x00000000629a8000 	C:\Program Files\Java\jdk1.7.0_45\jre\bin\java.dll
0x0000000062960000 - 0x0000000062975000 	C:\Program Files\Java\jdk1.7.0_45\jre\bin\zip.dll
0x0000000065580000 - 0x0000000065616000 	C:\Users\Trever\AppData\Local\Temp\libgdxTrever\2ec99cb7\gdx64.dll
0x00007ffea9b40000 - 0x00007ffea9b57000 	C:\WINDOWS\SYSTEM32\CRYPTSP.dll
0x00007ffea97d0000 - 0x00007ffea9804000 	C:\WINDOWS\system32\rsaenh.dll
0x00007ffea9d60000 - 0x00007ffea9d89000 	C:\WINDOWS\SYSTEM32\bcrypt.dll
0x00007ffea9920000 - 0x00007ffea993f000 	C:\WINDOWS\SYSTEM32\USERENV.dll
0x00007ffeaa160000 - 0x00007ffeaa174000 	C:\WINDOWS\system32\profapi.dll
0x00007ffea9c60000 - 0x00007ffea9c6b000 	C:\WINDOWS\SYSTEM32\CRYPTBASE.dll
0x0000000062940000 - 0x0000000062959000 	C:\Program Files\Java\jdk1.7.0_45\jre\bin\net.dll
0x00007ffea9a90000 - 0x00007ffea9aec000 	C:\WINDOWS\system32\mswsock.dll
0x00007ffea08b0000 - 0x00007ffea08c6000 	C:\WINDOWS\system32\napinsp.dll
0x00007ffea08d0000 - 0x00007ffea08ea000 	C:\WINDOWS\system32\pnrpnsp.dll
0x00007ffea8130000 - 0x00007ffea8148000 	C:\WINDOWS\system32\NLAapi.dll
0x00007ffea8bd0000 - 0x00007ffea8c7a000 	C:\WINDOWS\SYSTEM32\DNSAPI.dll
0x00007ffead510000 - 0x00007ffead518000 	C:\WINDOWS\system32\NSI.dll
0x00007ffea0a20000 - 0x00007ffea0a2d000 	C:\WINDOWS\System32\winrnr.dll
0x00007ffea08f0000 - 0x00007ffea0905000 	C:\WINDOWS\System32\wshbth.dll
0x00007ffe9f730000 - 0x00007ffe9f73a000 	C:\Windows\System32\rasadhlp.dll
0x00007ffea4100000 - 0x00007ffea4138000 	C:\WINDOWS\SYSTEM32\IPHLPAPI.DLL
0x00007ffea3f20000 - 0x00007ffea3f87000 	C:\WINDOWS\System32\fwpuclnt.dll
0x0000000062920000 - 0x0000000062931000 	C:\Program Files\Java\jdk1.7.0_45\jre\bin\nio.dll
0x0000000180000000 - 0x0000000180053000 	C:\Users\Trever\AppData\Local\Temp\libgdxTrever\dc0f0009\lwjgl64.dll
0x00007ffe9b400000 - 0x00007ffe9b529000 	C:\WINDOWS\SYSTEM32\OPENGL32.dll
0x00007ffea02a0000 - 0x00007ffea02aa000 	C:\WINDOWS\SYSTEM32\VERSION.dll
0x00007ffea00b0000 - 0x00007ffea00de000 	C:\WINDOWS\SYSTEM32\GLU32.dll
0x00007ffe9b220000 - 0x00007ffe9b31a000 	C:\WINDOWS\SYSTEM32\DDRAW.dll
0x00007ffea1210000 - 0x00007ffea1218000 	C:\WINDOWS\SYSTEM32\DCIMAN32.dll
0x000000000a1b0000 - 0x000000000a214000 	C:\Users\Trever\AppData\Local\Temp\libgdxTrever\dc0f0009\OpenAL64.dll
0x00007ffeab740000 - 0x00007ffeacc9c000 	C:\WINDOWS\system32\SHELL32.dll
0x00007ffeaa830000 - 0x00007ffeaae74000 	C:\WINDOWS\system32\windows.storage.dll
0x00007ffead830000 - 0x00007ffead882000 	C:\WINDOWS\system32\shlwapi.dll
0x00007ffeaa190000 - 0x00007ffeaa19f000 	C:\WINDOWS\system32\kernel.appcore.dll
0x00007ffeaae80000 - 0x00007ffeaaf35000 	C:\WINDOWS\system32\shcore.dll
0x00007ffeaa1a0000 - 0x00007ffeaa1eb000 	C:\WINDOWS\system32\powrprof.dll
0x00007ffead3c0000 - 0x00007ffead503000 	C:\WINDOWS\system32\ole32.dll
0x00007ffea8a70000 - 0x00007ffea8b06000 	C:\WINDOWS\system32\uxtheme.dll
0x00007ffea0a70000 - 0x00007ffea0b13000 	C:\Program Files\Common Files\microsoft shared\ink\tiptsf.dll
0x00007ffead9a0000 - 0x00007ffeada61000 	C:\WINDOWS\system32\OLEAUT32.dll
0x00007ffeab0c0000 - 0x00007ffeab167000 	C:\WINDOWS\system32\clbcatq.dll
0x00007ffea7f40000 - 0x00007ffea80c6000 	C:\WINDOWS\System32\PROPSYS.dll
0x00007ffe8dbe0000 - 0x00007ffe8dc7c000 	C:\WINDOWS\SYSTEM32\dsound.dll
0x00007ffea5060000 - 0x00007ffea50d0000 	C:\WINDOWS\System32\MMDevApi.dll
0x00007ffea8b80000 - 0x00007ffea8ba7000 	C:\WINDOWS\System32\DEVOBJ.dll
0x00007ffea0980000 - 0x00007ffea0a08000 	C:\WINDOWS\SYSTEM32\AUDIOSES.DLL
0x00007ffea65b0000 - 0x00007ffea66e6000 	C:\WINDOWS\SYSTEM32\wintypes.dll
0x00007ffead520000 - 0x00007ffead67a000 	C:\WINDOWS\system32\MSCTF.dll
0x00007ffea7d50000 - 0x00007ffea7d72000 	C:\WINDOWS\system32\dwmapi.dll
0x00007ffe82540000 - 0x00007ffe82d73000 	C:\WINDOWS\SYSTEM32\ig7icd64.dll
0x00007ffea5310000 - 0x00007ffea576f000 	C:\WINDOWS\SYSTEM32\igdusc64.dll
0x00007ffea82a0000 - 0x00007ffea82b3000 	C:\WINDOWS\SYSTEM32\WTSAPI32.dll
0x00007ffe8b310000 - 0x00007ffe8b3a1000 	C:\WINDOWS\SYSTEM32\mscms.dll
0x00007ffea2390000 - 0x00007ffea23d2000 	C:\WINDOWS\SYSTEM32\icm32.dll
0x00007ffea0540000 - 0x00007ffea069c000 	C:\Windows\System32\uiautomationcore.dll
0x00007ffeaa020000 - 0x00007ffeaa0b9000 	C:\WINDOWS\SYSTEM32\sxs.dll
0x00007ffea0350000 - 0x00007ffea03ba000 	C:\Windows\System32\OLEACC.dll
0x0000000066bc0000 - 0x0000000066c7b000 	C:\Users\Trever\AppData\Local\Temp\libgdxTrever\4d3c1ee0\gdx-box2d64.dll
0x00007ffea4ed0000 - 0x00007ffea505c000 	C:\WINDOWS\SYSTEM32\dbghelp.dll

VM Arguments:
jvm_args: -Dfile.encoding=Cp1252 
java_command: com.mock.desktop.DesktopLauncher
Launcher Type: SUN_STANDARD

Environment Variables:
JAVA_HOME=C:\Program Files\Java\jdk1.7.0_45
PATH=C:/Program Files/Java/jdk1.7.0_45/jre/bin/server;C:/Program Files/Java/jdk1.7.0_45/jre/bin;C:/Program Files/Java/jdk1.7.0_45/jre/lib/amd64;C:\Perl64\bin;C:\ProgramData\Oracle\Java\javapath;C:\WINDOWS\system32;C:\WINDOWS;C:\WINDOWS\System32\Wbem;C:\WINDOWS\System32\WindowsPowerShell\v1.0\;C:\Program Files (x86)\Windows Live\Shared;C:\Program Files (x86)\Skype\Phone\;C:\Program Files\TortoiseSVN\bin;C:\Users\Trever\AppData\Local\Programs\Python\Python35-32\Scripts\;C:\Users\Trever\AppData\Local\Programs\Python\Python35-32\;C:\Program Files\Java\jdk1.7.0_45\bin;C:\Users\Trever\ant\bin;C:\Program Files (x86)\clisp-2.49;C:\Perl64\bin;C:\WINDOWS\System32;
USERNAME=Trever
OS=Windows_NT
PROCESSOR_IDENTIFIER=Intel64 Family 6 Model 58 Stepping 9, GenuineIntel



---------------  S Y S T E M  ---------------

OS: Windows 8 , 64 bit Build 9200 

CPU:total 4 (2 cores per cpu, 2 threads per core) family 6 model 58 stepping 9, cmov, cx8, fxsr, mmx, sse, sse2, sse3, ssse3, sse4.1, sse4.2, popcnt, avx, aes, erms, ht, tsc, tscinvbit, tscinv

Memory: 4k page, physical 4070680k(971588k free), swap 4791576k(872076k free)

vm_info: Java HotSpot(TM) 64-Bit Server VM (24.45-b08) for windows-amd64 JRE (1.7.0_45-b18), built on Oct  8 2013 05:47:22 by "java_re" with unknown MS VC++:1600

time: Thu Jun 16 18:10:38 2016
elapsed time: 67 seconds

