#
# A fatal error has been detected by the Java Runtime Environment:
#
#  EXCEPTION_ACCESS_VIOLATION (0xc0000005) at pc=0x0000000066be2430, pid=6312, tid=2724
#
# JRE version: Java(TM) SE Runtime Environment (7.0_45-b18) (build 1.7.0_45-b18)
# Java VM: Java HotSpot(TM) 64-Bit Server VM (24.45-b08 mixed mode windows-amd64 compressed oops)
# Problematic frame:
# C  [gdx-box2d64.dll+0x22430]
#
# Failed to write core dump. Minidumps are not enabled by default on client versions of Windows
#
# If you would like to submit a bug report, please visit:
#   http://bugreport.sun.com/bugreport/crash.jsp
# The crash happened outside the Java Virtual Machine in native code.
# See problematic frame for where to report the bug.
#

---------------  T H R E A D  ---------------

Current thread (0x0000000009b6d000):  JavaThread "LWJGL Application" [_thread_in_native, id=2724, stack(0x000000000a7b0000,0x000000000a8b0000)]

siginfo: ExceptionCode=0xc0000005, writing address 0x000000000a415988

Registers:
RAX=0x0000000066c1c8b0, RBX=0x000000000a3fc680, RCX=0x000000000a3fc680, RDX=0x000000000a8af2d0
RSP=0x000000000a8af2a8, RBP=0x000000000a8af3c8, RSI=0x00000000bd2b5dd0, RDI=0x00000000022c6215
R8 =0x000000000a3fc680, R9 =0x00000000ebdf3a00, R10=0x00000000022d3064, R11=0x0000000062fbf900
R12=0x0000000000000000, R13=0x00000000bd292e28, R14=0x000000000a8af410, R15=0x0000000009b6d000
RIP=0x0000000066be2430, EFLAGS=0x0000000000010202

Top of Stack: (sp=0x000000000a8af2a8)
0x000000000a8af2a8:   0000000066be90a9 00000000022c62d3
0x000000000a8af2b8:   0000000000000001 00000000ec13ec68
0x000000000a8af2c8:   0000000000000000 0000000066c1c830
0x000000000a8af2d8:   0000000009b6d1e8 000000000a8af410
0x000000000a8af2e8:   000000000a8af330 0000000066c1c8b0
0x000000000a8af2f8:   0000000009b6d1e8 000000000a8af410
0x000000000a8af308:   0000000000000000 0000000042800000
0x000000000a8af318:   0000000000000000 00000000bd292e28
0x000000000a8af328:   00000000022d3090 0000000000000000
0x000000000a8af338:   0000000000000000 000000000a8af330
0x000000000a8af348:   00000000bccba75a 0000000000000006
0x000000000a8af358:   0000000000000002 0000000000000000
0x000000000a8af368:   00000000bccba770 0000000000000000
0x000000000a8af378:   000000000a8af398 000000000a8af3f8
0x000000000a8af388:   000000000a8af388 0000000000000000
0x000000000a8af398:   000000000a8af410 00000000bd2a9a80 

Instructions: (pc=0x0000000066be2430)
0x0000000066be2410:   28 c7 44 24 48 ff ff ff ff e8 52 19 01 00 90 90
0x0000000066be2420:   48 89 91 48 93 01 00 c3 0f 1f 84 00 00 00 00 00
0x0000000066be2430:   48 89 91 08 93 01 00 c3 0f 1f 84 00 00 00 00 00
0x0000000066be2440:   48 89 91 10 93 01 00 c3 0f 1f 84 00 00 00 00 00 


Register to memory mapping:

RAX=0x0000000066c1c8b0 is an unknown value
RBX=0x000000000a3fc680 is an unknown value
RCX=0x000000000a3fc680 is an unknown value
RDX=0x000000000a8af2d0 is pointing into the stack for thread: 0x0000000009b6d000
RSP=0x000000000a8af2a8 is pointing into the stack for thread: 0x0000000009b6d000
RBP=0x000000000a8af3c8 is pointing into the stack for thread: 0x0000000009b6d000
RSI=0x00000000bd2b5dd0 is an oop
{instance class} 
 - klass: {other class}
RDI=0x00000000022c6215 is at code_begin+2805 in an Interpreter codelet
return entry points  [0x00000000022c5720, 0x00000000022c7520]  7680 bytes
R8 =0x000000000a3fc680 is an unknown value
R9 =0x00000000ebdf3a00 is an oop
java.util.Stack 
 - klass: 'java/util/Stack'
R10=0x00000000022d3064 is at code_begin+644 in an Interpreter codelet
method entry point (kind = native)  [0x00000000022d2de0, 0x00000000022d3680]  2208 bytes
R11=0x0000000062fbf900 is an unknown value
R12=0x0000000000000000 is an unknown value
R13=0x00000000bd292e28 is an oop
{method} 
 - klass: {other class}
R14=0x000000000a8af410 is pointing into the stack for thread: 0x0000000009b6d000
R15=0x0000000009b6d000 is a thread


Stack: [0x000000000a7b0000,0x000000000a8b0000],  sp=0x000000000a8af2a8,  free space=1020k
Native frames: (J=compiled Java code, j=interpreted, Vv=VM code, C=native code)
C  [gdx-box2d64.dll+0x22430]
j  com.badlogic.gdx.physics.box2d.World.step(FII)V+8
j  com.mock.states.TopDownState.update(F)V+15
j  com.mock.handlers.GameStateManager.update(F)V+11
j  com.mock.main.Game.render()V+44
j  com.badlogic.gdx.backends.lwjgl.LwjglApplication.mainLoop()V+698
j  com.badlogic.gdx.backends.lwjgl.LwjglApplication$1.run()V+27
v  ~StubRoutines::call_stub
V  [jvm.dll+0x1cb0c3]

Java frames: (J=compiled Java code, j=interpreted, Vv=VM code)
j  com.badlogic.gdx.physics.box2d.World.jniStep(JFII)V+0
j  com.badlogic.gdx.physics.box2d.World.step(FII)V+8
j  com.mock.states.TopDownState.update(F)V+15
j  com.mock.handlers.GameStateManager.update(F)V+11
j  com.mock.main.Game.render()V+44
j  com.badlogic.gdx.backends.lwjgl.LwjglApplication.mainLoop()V+698
j  com.badlogic.gdx.backends.lwjgl.LwjglApplication$1.run()V+27
v  ~StubRoutines::call_stub

---------------  P R O C E S S  ---------------

Java Threads: ( => current thread )
  0x0000000009db7800 JavaThread "LWJGL Timer" daemon [_thread_blocked, id=2124, stack(0x000000000e110000,0x000000000e210000)]
  0x00000000021c2800 JavaThread "DestroyJavaVM" [_thread_blocked, id=4636, stack(0x00000000020c0000,0x00000000021c0000)]
=>0x0000000009b6d000 JavaThread "LWJGL Application" [_thread_in_native, id=2724, stack(0x000000000a7b0000,0x000000000a8b0000)]
  0x000000000809b000 JavaThread "Service Thread" daemon [_thread_blocked, id=2680, stack(0x00000000097f0000,0x00000000098f0000)]
  0x000000000808b800 JavaThread "C2 CompilerThread1" daemon [_thread_blocked, id=2688, stack(0x00000000096f0000,0x00000000097f0000)]
  0x0000000008084800 JavaThread "C2 CompilerThread0" daemon [_thread_blocked, id=2700, stack(0x00000000095f0000,0x00000000096f0000)]
  0x0000000008083800 JavaThread "Attach Listener" daemon [_thread_blocked, id=2684, stack(0x00000000094f0000,0x00000000095f0000)]
  0x0000000008080800 JavaThread "Signal Dispatcher" daemon [_thread_blocked, id=2676, stack(0x00000000093f0000,0x00000000094f0000)]
  0x000000000804e800 JavaThread "Finalizer" daemon [_thread_blocked, id=3000, stack(0x00000000092f0000,0x00000000093f0000)]
  0x0000000008043800 JavaThread "Reference Handler" daemon [_thread_blocked, id=2652, stack(0x00000000091f0000,0x00000000092f0000)]

Other Threads:
  0x0000000008042000 VMThread [stack: 0x00000000090f0000,0x00000000091f0000] [id=2648]
  0x00000000080ad000 WatcherThread [stack: 0x00000000098f0000,0x00000000099f0000] [id=2952]

VM state:not at safepoint (normal execution)

VM Mutex/Monitor currently owned by a thread: None

Heap
 PSYoungGen      total 18944K, used 14444K [0x00000000eb480000, 0x00000000ec980000, 0x0000000100000000)
  eden space 16384K, 88% used [0x00000000eb480000,0x00000000ec29b1d8,0x00000000ec480000)
  from space 2560K, 0% used [0x00000000ec700000,0x00000000ec700000,0x00000000ec980000)
  to   space 2560K, 0% used [0x00000000ec480000,0x00000000ec480000,0x00000000ec700000)
 ParOldGen       total 41984K, used 0K [0x00000000c1e00000, 0x00000000c4700000, 0x00000000eb480000)
  object space 41984K, 0% used [0x00000000c1e00000,0x00000000c1e00000,0x00000000c4700000)
 PSPermGen       total 21504K, used 7042K [0x00000000bcc00000, 0x00000000be100000, 0x00000000c1e00000)
  object space 21504K, 32% used [0x00000000bcc00000,0x00000000bd2e0a98,0x00000000be100000)

Card table byte_map: [0x0000000005380000,0x00000000055a0000] byte_map_base: 0x0000000004d9a000

Polling page: 0x0000000000410000

Code Cache  [0x00000000022c0000, 0x0000000002530000, 0x00000000052c0000)
 total_blobs=478 nmethods=53 adapters=378 free_code_cache=48533Kb largest_free_block=49666944

Compilation events (10 events):
Event: 3.170 Thread 0x000000000808b800   47             sun.misc.MetaIndex::mayContain (51 bytes)
Event: 3.182 Thread 0x0000000008084800   48             java.io.FilterInputStream::read (9 bytes)
Event: 3.184 Thread 0x000000000808b800 nmethod 47 0x0000000002351a90 code [0x0000000002351be0, 0x0000000002351e28]
Event: 3.184 Thread 0x000000000808b800   49  s          java.io.BufferedInputStream::read (113 bytes)
Event: 3.220 Thread 0x0000000008084800 nmethod 48 0x00000000023562d0 code [0x00000000023564a0, 0x0000000002357140]
Event: 3.220 Thread 0x0000000008084800   50             java.io.BufferedInputStream::read1 (108 bytes)
Event: 3.225 Thread 0x000000000808b800 nmethod 49 0x0000000002359e50 code [0x000000000235a000, 0x000000000235ac80]
Event: 3.225 Thread 0x000000000808b800   51             com.badlogic.gdx.maps.tiled.BaseTmxMapLoader::loadTileLayer (277 bytes)
Event: 3.230 Thread 0x0000000008084800 nmethod 50 0x0000000002357e50 code [0x0000000002357fc0, 0x0000000002358248]
Event: 3.230 Thread 0x0000000008084800   52   !         com.badlogic.gdx.maps.tiled.BaseTmxMapLoader::getTileIds (504 bytes)

GC Heap History (0 events):
No events

Deoptimization events (0 events):
No events

Internal exceptions (10 events):
Event: 2.322 Thread 0x0000000009b6d000 Threw 0x00000000ec12bc38 at C:\re\jdk7u45\229\hotspot\src\share\vm\prims\jvm.cpp:1244
Event: 2.332 Thread 0x0000000009b6d000 Threw 0x00000000ec13f5f8 at C:\re\jdk7u45\229\hotspot\src\share\vm\prims\jvm.cpp:1244
Event: 2.333 Thread 0x0000000009b6d000 Threw 0x00000000ec143250 at C:\re\jdk7u45\229\hotspot\src\share\vm\prims\jvm.cpp:1244
Event: 2.337 Thread 0x0000000009b6d000 Threw 0x00000000ec146a48 at C:\re\jdk7u45\229\hotspot\src\share\vm\prims\jvm.cpp:1244
Event: 2.339 Thread 0x0000000009b6d000 Threw 0x00000000ec14b880 at C:\re\jdk7u45\229\hotspot\src\share\vm\prims\jvm.cpp:1244
Event: 2.341 Thread 0x0000000009b6d000 Threw 0x00000000ec1507e8 at C:\re\jdk7u45\229\hotspot\src\share\vm\prims\jvm.cpp:1244
Event: 2.358 Thread 0x0000000009b6d000 Threw 0x00000000ec1548b8 at C:\re\jdk7u45\229\hotspot\src\share\vm\prims\jvm.cpp:1244
Event: 2.704 Thread 0x0000000009b6d000 Threw 0x00000000ec159628 at C:\re\jdk7u45\229\hotspot\src\share\vm\prims\jvm.cpp:1244
Event: 2.707 Thread 0x0000000009b6d000 Threw 0x00000000ec164950 at C:\re\jdk7u45\229\hotspot\src\share\vm\prims\jvm.cpp:1244
Event: 2.710 Thread 0x0000000009b6d000 Threw 0x00000000ec168f18 at C:\re\jdk7u45\229\hotspot\src\share\vm\prims\jvm.cpp:1244

Events (10 events):
Event: 2.341 loading class 0x000000000db93260 done
Event: 2.343 Thread 0x0000000009db7800 Thread added: 0x0000000009db7800
Event: 2.358 loading class 0x0000000009d9b490
Event: 2.358 loading class 0x0000000009d9b490 done
Event: 2.704 loading class 0x0000000009c594a0
Event: 2.704 loading class 0x0000000009c594a0 done
Event: 2.707 loading class 0x0000000009d070f0
Event: 2.707 loading class 0x0000000009d070f0 done
Event: 2.710 loading class 0x0000000009cad290
Event: 2.710 loading class 0x0000000009cad290 done


Dynamic libraries:
0x00007ff6a60d0000 - 0x00007ff6a6103000 	C:\Program Files\Java\jdk1.7.0_45\bin\javaw.exe
0x00007ffeadb40000 - 0x00007ffeadd01000 	C:\WINDOWS\SYSTEM32\ntdll.dll
0x00007ffead8f0000 - 0x00007ffead99d000 	C:\WINDOWS\system32\KERNEL32.DLL
0x00007ffeaa5c0000 - 0x00007ffeaa7a8000 	C:\WINDOWS\system32\KERNELBASE.dll
0x00007ffead170000 - 0x00007ffead217000 	C:\WINDOWS\system32\ADVAPI32.dll
0x00007ffeacca0000 - 0x00007ffeacd3d000 	C:\WINDOWS\system32\msvcrt.dll
0x00007ffead890000 - 0x00007ffead8eb000 	C:\WINDOWS\system32\sechost.dll
0x00007ffeaaf40000 - 0x00007ffeab05c000 	C:\WINDOWS\system32\RPCRT4.dll
0x00007ffeab360000 - 0x00007ffeab4b6000 	C:\WINDOWS\system32\USER32.dll
0x00007ffead690000 - 0x00007ffead816000 	C:\WINDOWS\system32\GDI32.dll
0x00007ffea1890000 - 0x00007ffea1b04000 	C:\WINDOWS\WinSxS\amd64_microsoft.windows.common-controls_6595b64144ccf1df_6.0.10586.0_none_8c15ae12515e1c22\COMCTL32.dll
0x00007ffeab4c0000 - 0x00007ffeab73d000 	C:\WINDOWS\system32\combase.dll
0x00007ffeaa1f0000 - 0x00007ffeaa25a000 	C:\WINDOWS\system32\bcryptPrimitives.dll
0x00007ffeab170000 - 0x00007ffeab1ab000 	C:\WINDOWS\system32\IMM32.DLL
0x0000000062b40000 - 0x0000000062c12000 	C:\Program Files\Java\jdk1.7.0_45\jre\bin\msvcr100.dll
0x0000000062de0000 - 0x00000000635a9000 	C:\Program Files\Java\jdk1.7.0_45\jre\bin\server\jvm.dll
0x00007ffead820000 - 0x00007ffead828000 	C:\WINDOWS\system32\PSAPI.DLL
0x00007ffea8320000 - 0x00007ffea8343000 	C:\WINDOWS\SYSTEM32\WINMM.dll
0x00007ffe93460000 - 0x00007ffe93469000 	C:\WINDOWS\SYSTEM32\WSOCK32.dll
0x00007ffeadad0000 - 0x00007ffeadb3b000 	C:\WINDOWS\system32\WS2_32.dll
0x0000000002090000 - 0x00000000020bc000 	C:\WINDOWS\SYSTEM32\WINMMBASE.dll
0x00007ffeaa260000 - 0x00007ffeaa2a3000 	C:\WINDOWS\system32\cfgmgr32.dll
0x0000000062cf0000 - 0x0000000062cff000 	C:\Program Files\Java\jdk1.7.0_45\jre\bin\verify.dll
0x0000000062cc0000 - 0x0000000062ce8000 	C:\Program Files\Java\jdk1.7.0_45\jre\bin\java.dll
0x0000000062ca0000 - 0x0000000062cb5000 	C:\Program Files\Java\jdk1.7.0_45\jre\bin\zip.dll
0x0000000065580000 - 0x0000000065616000 	C:\Users\Trever\AppData\Local\Temp\libgdxTrever\2ec99cb7\gdx64.dll
0x00007ffea9b40000 - 0x00007ffea9b57000 	C:\WINDOWS\SYSTEM32\CRYPTSP.dll
0x00007ffea97d0000 - 0x00007ffea9804000 	C:\WINDOWS\system32\rsaenh.dll
0x00007ffea9d60000 - 0x00007ffea9d89000 	C:\WINDOWS\SYSTEM32\bcrypt.dll
0x00007ffea9920000 - 0x00007ffea993f000 	C:\WINDOWS\SYSTEM32\USERENV.dll
0x00007ffeaa160000 - 0x00007ffeaa174000 	C:\WINDOWS\system32\profapi.dll
0x00007ffea9c60000 - 0x00007ffea9c6b000 	C:\WINDOWS\SYSTEM32\CRYPTBASE.dll
0x0000000062c80000 - 0x0000000062c99000 	C:\Program Files\Java\jdk1.7.0_45\jre\bin\net.dll
0x00007ffea9a90000 - 0x00007ffea9aec000 	C:\WINDOWS\system32\mswsock.dll
0x00007ffea08b0000 - 0x00007ffea08c6000 	C:\WINDOWS\system32\napinsp.dll
0x00007ffea08d0000 - 0x00007ffea08ea000 	C:\WINDOWS\system32\pnrpnsp.dll
0x00007ffea8130000 - 0x00007ffea8148000 	C:\WINDOWS\system32\NLAapi.dll
0x00007ffea8bd0000 - 0x00007ffea8c7a000 	C:\WINDOWS\SYSTEM32\DNSAPI.dll
0x00007ffead510000 - 0x00007ffead518000 	C:\WINDOWS\system32\NSI.dll
0x00007ffea0a20000 - 0x00007ffea0a2d000 	C:\WINDOWS\System32\winrnr.dll
0x00007ffea08f0000 - 0x00007ffea0905000 	C:\WINDOWS\System32\wshbth.dll
0x00007ffe9f730000 - 0x00007ffe9f73a000 	C:\Windows\System32\rasadhlp.dll
0x00007ffea4100000 - 0x00007ffea4138000 	C:\WINDOWS\SYSTEM32\IPHLPAPI.DLL
0x00007ffea3f20000 - 0x00007ffea3f87000 	C:\WINDOWS\System32\fwpuclnt.dll
0x0000000062c60000 - 0x0000000062c71000 	C:\Program Files\Java\jdk1.7.0_45\jre\bin\nio.dll
0x0000000180000000 - 0x0000000180053000 	C:\Users\Trever\AppData\Local\Temp\libgdxTrever\dc0f0009\lwjgl64.dll
0x00007ffea02a0000 - 0x00007ffea02aa000 	C:\WINDOWS\SYSTEM32\VERSION.dll
0x00007ffe96820000 - 0x00007ffe96949000 	C:\WINDOWS\SYSTEM32\OPENGL32.dll
0x00007ffe967f0000 - 0x00007ffe9681e000 	C:\WINDOWS\SYSTEM32\GLU32.dll
0x00007ffe966f0000 - 0x00007ffe967ea000 	C:\WINDOWS\SYSTEM32\DDRAW.dll
0x00007ffe96f40000 - 0x00007ffe96f48000 	C:\WINDOWS\SYSTEM32\DCIMAN32.dll
0x000000000a150000 - 0x000000000a1b4000 	C:\Users\Trever\AppData\Local\Temp\libgdxTrever\dc0f0009\OpenAL64.dll
0x00007ffeab740000 - 0x00007ffeacc9c000 	C:\WINDOWS\system32\SHELL32.dll
0x00007ffeaa830000 - 0x00007ffeaae74000 	C:\WINDOWS\system32\windows.storage.dll
0x00007ffead830000 - 0x00007ffead882000 	C:\WINDOWS\system32\shlwapi.dll
0x00007ffeaa190000 - 0x00007ffeaa19f000 	C:\WINDOWS\system32\kernel.appcore.dll
0x00007ffeaae80000 - 0x00007ffeaaf35000 	C:\WINDOWS\system32\shcore.dll
0x00007ffeaa1a0000 - 0x00007ffeaa1eb000 	C:\WINDOWS\system32\powrprof.dll
0x00007ffead3c0000 - 0x00007ffead503000 	C:\WINDOWS\system32\ole32.dll
0x00007ffea8a70000 - 0x00007ffea8b06000 	C:\WINDOWS\system32\uxtheme.dll
0x00007ffe9bc20000 - 0x00007ffe9bcc3000 	C:\Program Files\Common Files\microsoft shared\ink\tiptsf.dll
0x00007ffead9a0000 - 0x00007ffeada61000 	C:\WINDOWS\system32\OLEAUT32.dll
0x00007ffeab0c0000 - 0x00007ffeab167000 	C:\WINDOWS\system32\clbcatq.dll
0x00007ffea7f40000 - 0x00007ffea80c6000 	C:\WINDOWS\System32\PROPSYS.dll
0x00007ffe9bcd0000 - 0x00007ffe9bd6c000 	C:\WINDOWS\SYSTEM32\dsound.dll
0x00007ffea5060000 - 0x00007ffea50d0000 	C:\WINDOWS\System32\MMDevApi.dll
0x00007ffea8b80000 - 0x00007ffea8ba7000 	C:\WINDOWS\System32\DEVOBJ.dll
0x00007ffea0980000 - 0x00007ffea0a08000 	C:\WINDOWS\SYSTEM32\AUDIOSES.DLL
0x00007ffea65b0000 - 0x00007ffea66e6000 	C:\WINDOWS\SYSTEM32\wintypes.dll
0x00007ffead520000 - 0x00007ffead67a000 	C:\WINDOWS\system32\MSCTF.dll
0x00007ffea7d50000 - 0x00007ffea7d72000 	C:\WINDOWS\system32\dwmapi.dll
0x00007ffe85be0000 - 0x00007ffe86413000 	C:\WINDOWS\SYSTEM32\ig7icd64.dll
0x00007ffea5310000 - 0x00007ffea576f000 	C:\WINDOWS\SYSTEM32\igdusc64.dll
0x00007ffea82a0000 - 0x00007ffea82b3000 	C:\WINDOWS\SYSTEM32\WTSAPI32.dll
0x00007ffe8cdb0000 - 0x00007ffe8ce41000 	C:\WINDOWS\SYSTEM32\mscms.dll
0x00007ffe9f790000 - 0x00007ffe9f7d2000 	C:\WINDOWS\SYSTEM32\icm32.dll
0x00007ffea3560000 - 0x00007ffea36bc000 	C:\Windows\System32\uiautomationcore.dll
0x00007ffeaa020000 - 0x00007ffeaa0b9000 	C:\WINDOWS\SYSTEM32\sxs.dll
0x00007ffea02b0000 - 0x00007ffea031a000 	C:\Windows\System32\OLEACC.dll
0x0000000066bc0000 - 0x0000000066c7b000 	C:\Users\Trever\AppData\Local\Temp\libgdxTrever\4d3c1ee0\gdx-box2d64.dll
0x00007ffea4ed0000 - 0x00007ffea505c000 	C:\WINDOWS\SYSTEM32\dbghelp.dll

VM Arguments:
jvm_args: -Dfile.encoding=Cp1252 
java_command: com.mock.desktop.DesktopLauncher
Launcher Type: SUN_STANDARD

Environment Variables:
JAVA_HOME=C:\Program Files\Java\jdk1.7.0_45
PATH=C:/Program Files/Java/jdk1.7.0_45/jre/bin/server;C:/Program Files/Java/jdk1.7.0_45/jre/bin;C:/Program Files/Java/jdk1.7.0_45/jre/lib/amd64;C:\Perl64\bin;C:\ProgramData\Oracle\Java\javapath;C:\WINDOWS\system32;C:\WINDOWS;C:\WINDOWS\System32\Wbem;C:\WINDOWS\System32\WindowsPowerShell\v1.0\;C:\Program Files (x86)\Windows Live\Shared;C:\Program Files (x86)\Skype\Phone\;C:\Program Files\TortoiseSVN\bin;C:\Users\Trever\AppData\Local\Programs\Python\Python35-32\Scripts\;C:\Users\Trever\AppData\Local\Programs\Python\Python35-32\;C:\Program Files\Java\jdk1.7.0_45\bin;C:\Users\Trever\ant\bin;C:\Program Files (x86)\clisp-2.49;C:\Perl64\bin;C:\WINDOWS\system32;
USERNAME=Trever
OS=Windows_NT
PROCESSOR_IDENTIFIER=Intel64 Family 6 Model 58 Stepping 9, GenuineIntel



---------------  S Y S T E M  ---------------

OS: Windows 8 , 64 bit Build 9200 

CPU:total 4 (2 cores per cpu, 2 threads per core) family 6 model 58 stepping 9, cmov, cx8, fxsr, mmx, sse, sse2, sse3, ssse3, sse4.1, sse4.2, popcnt, avx, aes, erms, ht, tsc, tscinvbit, tscinv

Memory: 4k page, physical 4070680k(1623968k free), swap 4791576k(1889348k free)

vm_info: Java HotSpot(TM) 64-Bit Server VM (24.45-b08) for windows-amd64 JRE (1.7.0_45-b18), built on Oct  8 2013 05:47:22 by "java_re" with unknown MS VC++:1600

time: Mon May 30 22:45:17 2016
elapsed time: 3 seconds

