#
# A fatal error has been detected by the Java Runtime Environment:
#
#  EXCEPTION_ACCESS_VIOLATION (0xc0000005) at pc=0x0000000066be7aa4, pid=8072, tid=7540
#
# JRE version: Java(TM) SE Runtime Environment (7.0_45-b18) (build 1.7.0_45-b18)
# Java VM: Java HotSpot(TM) 64-Bit Server VM (24.45-b08 mixed mode windows-amd64 compressed oops)
# Problematic frame:
# C  [gdx-box2d64.dll+0x27aa4]
#
# Failed to write core dump. Minidumps are not enabled by default on client versions of Windows
#
# If you would like to submit a bug report, please visit:
#   http://bugreport.sun.com/bugreport/crash.jsp
# The crash happened outside the Java Virtual Machine in native code.
# See problematic frame for where to report the bug.
#

---------------  T H R E A D  ---------------

Current thread (0x0000000009a64800):  JavaThread "LWJGL Application" [_thread_in_native, id=7540, stack(0x000000000a8f0000,0x000000000a9f0000)]

siginfo: ExceptionCode=0xc0000005, reading address 0xffffffffffffffff

Registers:
RAX=0xff1a7443ff0d6538, RBX=0x00000000bd2c2638, RCX=0x0000000009a649e8, RDX=0x000000000a9ef0f0
RSP=0x000000000a9ef038, RBP=0x000000000a9ef0c0, RSI=0x0000000000000010, RDI=0x00000000023a63f0
R8 =0x000000000a48a5b0, R9 =0x00000000000000cb, R10=0x00000000023b3064, R11=0x0000000062c7f900
R12=0x0000000000000000, R13=0x00000000bd2c2638, R14=0x000000000a9ef0f0, R15=0x0000000009a64800
RIP=0x0000000066be7aa4, EFLAGS=0x0000000000010206

Top of Stack: (sp=0x000000000a9ef038)
0x000000000a9ef038:   00000000023b3090 0000000000000000
0x000000000a9ef048:   00000000ebdb8c98 0000000001840187
0x000000000a9ef058:   00000000023b35c4 3ed5555500000000
0x000000000a9ef068:   0000000062bbcb9a 000000000a9ef168
0x000000000a9ef078:   0000000066be653f 000000000a9ef080
0x000000000a9ef088:   0000000000000000 000000000a9ef0f0
0x000000000a9ef098:   00000000bd2c91c8 0000000000000000
0x000000000a9ef0a8:   00000000bd2c2638 0000000000000000
0x000000000a9ef0b8:   000000000a9ef0e0 000000000a9ef138
0x000000000a9ef0c8:   00000000023a6274 0000000000000000
0x000000000a9ef0d8:   00000000023af0d6 000000000a48a5b0
0x000000000a9ef0e8:   0000000000000000 00000000ec0c8c48
0x000000000a9ef0f8:   000000000a9ef0f8 00000000bd2c2515
0x000000000a9ef108:   000000000a9ef150 00000000bd2c91c8
0x000000000a9ef118:   0000000000000000 00000000bd2c2578
0x000000000a9ef128:   000000000a9ef0e0 000000000a9ef150 

Instructions: (pc=0x0000000066be7aa4)
0x0000000066be7a84:   31 c3 66 2e 0f 1f 84 00 00 00 00 00 45 84 c9 41
0x0000000066be7a94:   0f 95 40 31 c3 90 90 90 90 90 90 90 49 8b 40 18
0x0000000066be7aa4:   8b 50 08 b8 ff ff ff ff 83 fa 03 77 0a 48 8d 05
0x0000000066be7ab4:   28 13 03 00 8b 04 90 f3 c3 0f 1f 00 49 8b 40 18 


Register to memory mapping:

RAX=0xff1a7443ff0d6538 is an unknown value
RBX=0x00000000bd2c2638 is an oop
{method} 
 - klass: {other class}
RCX=0x0000000009a649e8 is an unknown value
RDX=0x000000000a9ef0f0 is pointing into the stack for thread: 0x0000000009a64800
RSP=0x000000000a9ef038 is pointing into the stack for thread: 0x0000000009a64800
RBP=0x000000000a9ef0c0 is pointing into the stack for thread: 0x0000000009a64800
RSI=0x0000000000000010 is an unknown value
RDI=0x00000000023a63f0 is at code_begin+3280 in an Interpreter codelet
return entry points  [0x00000000023a5720, 0x00000000023a7520]  7680 bytes
R8 =0x000000000a48a5b0 is an unknown value
R9 =0x00000000000000cb is an unknown value
R10=0x00000000023b3064 is at code_begin+644 in an Interpreter codelet
method entry point (kind = native)  [0x00000000023b2de0, 0x00000000023b3680]  2208 bytes
R11=0x0000000062c7f900 is an unknown value
R12=0x0000000000000000 is an unknown value
R13=0x00000000bd2c2638 is an oop
{method} 
 - klass: {other class}
R14=0x000000000a9ef0f0 is pointing into the stack for thread: 0x0000000009a64800
R15=0x0000000009a64800 is a thread


Stack: [0x000000000a8f0000,0x000000000a9f0000],  sp=0x000000000a9ef038,  free space=1020k
Native frames: (J=compiled Java code, j=interpreted, Vv=VM code, C=native code)
C  [gdx-box2d64.dll+0x27aa4]
j  com.badlogic.gdx.physics.box2d.Fixture.getType()Lcom/badlogic/gdx/physics/box2d/Shape$Type;+5
j  com.badlogic.gdx.physics.box2d.Box2DDebugRenderer.drawShape(Lcom/badlogic/gdx/physics/box2d/Fixture;Lcom/badlogic/gdx/physics/box2d/Transform;Lcom/badlogic/gdx/graphics/Color;)V+1
j  com.badlogic.gdx.physics.box2d.Box2DDebugRenderer.renderBody(Lcom/badlogic/gdx/physics/box2d/Body;)V+49
j  com.badlogic.gdx.physics.box2d.Box2DDebugRenderer.renderBodies(Lcom/badlogic/gdx/physics/box2d/World;)V+73
j  com.badlogic.gdx.physics.box2d.Box2DDebugRenderer.render(Lcom/badlogic/gdx/physics/box2d/World;Lcom/badlogic/gdx/math/Matrix4;)V+10
j  com.mock.states.TopDownState.render()V+171
j  com.mock.main.GameStateManager.render()V+10
j  com.mock.main.Game.render()V+51
j  com.badlogic.gdx.backends.lwjgl.LwjglApplication.mainLoop()V+698
j  com.badlogic.gdx.backends.lwjgl.LwjglApplication$1.run()V+27
v  ~StubRoutines::call_stub
V  [jvm.dll+0x1cb0c3]

Java frames: (J=compiled Java code, j=interpreted, Vv=VM code)
j  com.badlogic.gdx.physics.box2d.Fixture.jniGetType(J)I+0
j  com.badlogic.gdx.physics.box2d.Fixture.getType()Lcom/badlogic/gdx/physics/box2d/Shape$Type;+5
j  com.badlogic.gdx.physics.box2d.Box2DDebugRenderer.drawShape(Lcom/badlogic/gdx/physics/box2d/Fixture;Lcom/badlogic/gdx/physics/box2d/Transform;Lcom/badlogic/gdx/graphics/Color;)V+1
j  com.badlogic.gdx.physics.box2d.Box2DDebugRenderer.renderBody(Lcom/badlogic/gdx/physics/box2d/Body;)V+49
j  com.badlogic.gdx.physics.box2d.Box2DDebugRenderer.renderBodies(Lcom/badlogic/gdx/physics/box2d/World;)V+73
j  com.badlogic.gdx.physics.box2d.Box2DDebugRenderer.render(Lcom/badlogic/gdx/physics/box2d/World;Lcom/badlogic/gdx/math/Matrix4;)V+10
j  com.mock.states.TopDownState.render()V+171
j  com.mock.main.GameStateManager.render()V+10
j  com.mock.main.Game.render()V+51
j  com.badlogic.gdx.backends.lwjgl.LwjglApplication.mainLoop()V+698
j  com.badlogic.gdx.backends.lwjgl.LwjglApplication$1.run()V+27
v  ~StubRoutines::call_stub

---------------  P R O C E S S  ---------------

Java Threads: ( => current thread )
  0x0000000009bd0800 JavaThread "LWJGL Timer" daemon [_thread_blocked, id=6888, stack(0x000000000e1c0000,0x000000000e2c0000)]
  0x00000000022a2800 JavaThread "DestroyJavaVM" [_thread_blocked, id=376, stack(0x00000000021a0000,0x00000000022a0000)]
=>0x0000000009a64800 JavaThread "LWJGL Application" [_thread_in_native, id=7540, stack(0x000000000a8f0000,0x000000000a9f0000)]
  0x0000000008069000 JavaThread "Service Thread" daemon [_thread_blocked, id=6428, stack(0x00000000097e0000,0x00000000098e0000)]
  0x0000000008059800 JavaThread "C2 CompilerThread1" daemon [_thread_blocked, id=1676, stack(0x00000000096e0000,0x00000000097e0000)]
  0x0000000008055000 JavaThread "C2 CompilerThread0" daemon [_thread_blocked, id=6316, stack(0x00000000095e0000,0x00000000096e0000)]
  0x0000000008053800 JavaThread "Attach Listener" daemon [_thread_blocked, id=6324, stack(0x00000000094e0000,0x00000000095e0000)]
  0x0000000008050800 JavaThread "Signal Dispatcher" daemon [_thread_blocked, id=8100, stack(0x00000000093e0000,0x00000000094e0000)]
  0x000000000801e800 JavaThread "Finalizer" daemon [_thread_blocked, id=6532, stack(0x00000000092e0000,0x00000000093e0000)]
  0x0000000008013800 JavaThread "Reference Handler" daemon [_thread_blocked, id=6012, stack(0x00000000091e0000,0x00000000092e0000)]

Other Threads:
  0x0000000008012000 VMThread [stack: 0x00000000090e0000,0x00000000091e0000] [id=576]
  0x000000000807b800 WatcherThread [stack: 0x00000000098e0000,0x00000000099e0000] [id=1448]

VM state:not at safepoint (normal execution)

VM Mutex/Monitor currently owned by a thread: None

Heap
 PSYoungGen      total 18944K, used 15766K [0x00000000eb480000, 0x00000000ec980000, 0x0000000100000000)
  eden space 16384K, 96% used [0x00000000eb480000,0x00000000ec3e59e8,0x00000000ec480000)
  from space 2560K, 0% used [0x00000000ec700000,0x00000000ec700000,0x00000000ec980000)
  to   space 2560K, 0% used [0x00000000ec480000,0x00000000ec480000,0x00000000ec700000)
 ParOldGen       total 41984K, used 0K [0x00000000c1e00000, 0x00000000c4700000, 0x00000000eb480000)
  object space 41984K, 0% used [0x00000000c1e00000,0x00000000c1e00000,0x00000000c4700000)
 PSPermGen       total 21504K, used 7244K [0x00000000bcc00000, 0x00000000be100000, 0x00000000c1e00000)
  object space 21504K, 33% used [0x00000000bcc00000,0x00000000bd3132a8,0x00000000be100000)

Card table byte_map: [0x00000000053a0000,0x00000000055c0000] byte_map_base: 0x0000000004dba000

Polling page: 0x0000000000410000

Code Cache  [0x00000000023a0000, 0x0000000002610000, 0x00000000053a0000)
 total_blobs=494 nmethods=62 adapters=385 free_code_cache=48532Kb largest_free_block=49668032

Compilation events (10 events):
Event: 3.310 Thread 0x0000000008055000   58             org.lwjgl.opengl.GLContext::getCapabilities (20 bytes)
Event: 3.310 Thread 0x0000000008059800   59             org.lwjgl.opengl.GLContext::getCapabilitiesImpl (23 bytes)
Event: 3.312 Thread 0x0000000008055000 nmethod 58 0x0000000002437490 code [0x00000000024375c0, 0x0000000002437658]
Event: 3.312 Thread 0x0000000008059800 nmethod 59 0x0000000002437210 code [0x0000000002437340, 0x00000000024373d8]
Event: 3.312 Thread 0x0000000008055000   60             org.lwjgl.BufferChecks::checkFunctionAddress (23 bytes)
Event: 3.313 Thread 0x0000000008055000 nmethod 60 0x0000000002437010 code [0x0000000002437140, 0x0000000002437198]
Event: 3.527 Thread 0x0000000008059800   61             java.nio.Buffer::position (43 bytes)
Event: 3.529 Thread 0x0000000008059800 nmethod 61 0x0000000002436dd0 code [0x0000000002436f00, 0x0000000002436f78]
Event: 3.851 Thread 0x0000000008055000   62             java.lang.String::substring (79 bytes)
Event: 3.862 Thread 0x0000000008055000 nmethod 62 0x0000000002434050 code [0x00000000024341a0, 0x00000000024344f8]

GC Heap History (0 events):
No events

Deoptimization events (0 events):
No events

Internal exceptions (10 events):
Event: 2.546 Thread 0x0000000009a64800 Threw 0x00000000ec231e58 at C:\re\jdk7u45\229\hotspot\src\share\vm\prims\jvm.cpp:1244
Event: 2.550 Thread 0x0000000009a64800 Threw 0x00000000ec2361e0 at C:\re\jdk7u45\229\hotspot\src\share\vm\prims\jvm.cpp:1244
Event: 2.556 Thread 0x0000000009a64800 Threw 0x00000000ec23a538 at C:\re\jdk7u45\229\hotspot\src\share\vm\prims\jvm.cpp:1244
Event: 2.567 Thread 0x0000000009a64800 Threw 0x00000000ec23ea60 at C:\re\jdk7u45\229\hotspot\src\share\vm\prims\jvm.cpp:1244
Event: 2.570 Thread 0x0000000009a64800 Threw 0x00000000ec243d68 at C:\re\jdk7u45\229\hotspot\src\share\vm\prims\jvm.cpp:1244
Event: 2.572 Thread 0x0000000009a64800 Threw 0x00000000ec248c40 at C:\re\jdk7u45\229\hotspot\src\share\vm\prims\jvm.cpp:1244
Event: 2.574 Thread 0x0000000009a64800 Threw 0x00000000ec24dd00 at C:\re\jdk7u45\229\hotspot\src\share\vm\prims\jvm.cpp:1244
Event: 3.326 Thread 0x0000000009a64800 Threw 0x00000000ec254af8 at C:\re\jdk7u45\229\hotspot\src\share\vm\prims\jvm.cpp:1244
Event: 3.329 Thread 0x0000000009a64800 Threw 0x00000000ec25fe20 at C:\re\jdk7u45\229\hotspot\src\share\vm\prims\jvm.cpp:1244
Event: 3.335 Thread 0x0000000009a64800 Threw 0x00000000ec263a98 at C:\re\jdk7u45\229\hotspot\src\share\vm\prims\jvm.cpp:1244

Events (10 events):
Event: 2.572 loading class 0x0000000009bcf020
Event: 2.572 loading class 0x0000000009bcf020 done
Event: 2.574 loading class 0x0000000009dd16e0
Event: 2.574 loading class 0x0000000009dd16e0 done
Event: 3.326 loading class 0x0000000009d15bf0
Event: 3.326 loading class 0x0000000009d15bf0 done
Event: 3.329 loading class 0x0000000009c4ea70
Event: 3.329 loading class 0x0000000009c4ea70 done
Event: 3.335 loading class 0x0000000009cc8280
Event: 3.335 loading class 0x0000000009cc8280 done


Dynamic libraries:
0x00007ff635f90000 - 0x00007ff635fc3000 	C:\Program Files\Java\jdk1.7.0_45\bin\javaw.exe
0x00007ffeadb40000 - 0x00007ffeadd01000 	C:\WINDOWS\SYSTEM32\ntdll.dll
0x00007ffead8f0000 - 0x00007ffead99d000 	C:\WINDOWS\system32\KERNEL32.DLL
0x00007ffeaa5c0000 - 0x00007ffeaa7a8000 	C:\WINDOWS\system32\KERNELBASE.dll
0x00007ffead170000 - 0x00007ffead217000 	C:\WINDOWS\system32\ADVAPI32.dll
0x00007ffeacca0000 - 0x00007ffeacd3d000 	C:\WINDOWS\system32\msvcrt.dll
0x00007ffead890000 - 0x00007ffead8eb000 	C:\WINDOWS\system32\sechost.dll
0x00007ffeaaf40000 - 0x00007ffeab05c000 	C:\WINDOWS\system32\RPCRT4.dll
0x00007ffeab360000 - 0x00007ffeab4b6000 	C:\WINDOWS\system32\USER32.dll
0x00007ffead690000 - 0x00007ffead816000 	C:\WINDOWS\system32\GDI32.dll
0x00007ffea1890000 - 0x00007ffea1b04000 	C:\WINDOWS\WinSxS\amd64_microsoft.windows.common-controls_6595b64144ccf1df_6.0.10586.0_none_8c15ae12515e1c22\COMCTL32.dll
0x00007ffeab4c0000 - 0x00007ffeab73d000 	C:\WINDOWS\system32\combase.dll
0x00007ffeaa1f0000 - 0x00007ffeaa25a000 	C:\WINDOWS\system32\bcryptPrimitives.dll
0x00007ffeab170000 - 0x00007ffeab1ab000 	C:\WINDOWS\system32\IMM32.DLL
0x0000000062800000 - 0x00000000628d2000 	C:\Program Files\Java\jdk1.7.0_45\jre\bin\msvcr100.dll
0x0000000062aa0000 - 0x0000000063269000 	C:\Program Files\Java\jdk1.7.0_45\jre\bin\server\jvm.dll
0x00007ffead820000 - 0x00007ffead828000 	C:\WINDOWS\system32\PSAPI.DLL
0x00007ffea8320000 - 0x00007ffea8343000 	C:\WINDOWS\SYSTEM32\WINMM.dll
0x00007ffe9ed60000 - 0x00007ffe9ed69000 	C:\WINDOWS\SYSTEM32\WSOCK32.dll
0x00007ffeadad0000 - 0x00007ffeadb3b000 	C:\WINDOWS\system32\WS2_32.dll
0x00007ffea82f0000 - 0x00007ffea831c000 	C:\WINDOWS\SYSTEM32\WINMMBASE.dll
0x00007ffeaa260000 - 0x00007ffeaa2a3000 	C:\WINDOWS\system32\cfgmgr32.dll
0x00000000629b0000 - 0x00000000629bf000 	C:\Program Files\Java\jdk1.7.0_45\jre\bin\verify.dll
0x0000000062980000 - 0x00000000629a8000 	C:\Program Files\Java\jdk1.7.0_45\jre\bin\java.dll
0x0000000062960000 - 0x0000000062975000 	C:\Program Files\Java\jdk1.7.0_45\jre\bin\zip.dll
0x0000000065580000 - 0x0000000065616000 	C:\Users\Trever\AppData\Local\Temp\libgdxTrever\2ec99cb7\gdx64.dll
0x00007ffea9b40000 - 0x00007ffea9b57000 	C:\WINDOWS\SYSTEM32\CRYPTSP.dll
0x00007ffea97d0000 - 0x00007ffea9804000 	C:\WINDOWS\system32\rsaenh.dll
0x00007ffea9d60000 - 0x00007ffea9d89000 	C:\WINDOWS\SYSTEM32\bcrypt.dll
0x00007ffea9920000 - 0x00007ffea993f000 	C:\WINDOWS\SYSTEM32\USERENV.dll
0x00007ffeaa160000 - 0x00007ffeaa174000 	C:\WINDOWS\system32\profapi.dll
0x00007ffea9c60000 - 0x00007ffea9c6b000 	C:\WINDOWS\SYSTEM32\CRYPTBASE.dll
0x0000000062940000 - 0x0000000062959000 	C:\Program Files\Java\jdk1.7.0_45\jre\bin\net.dll
0x00007ffea9a90000 - 0x00007ffea9aec000 	C:\WINDOWS\system32\mswsock.dll
0x00007ffea08b0000 - 0x00007ffea08c6000 	C:\WINDOWS\system32\napinsp.dll
0x00007ffea08d0000 - 0x00007ffea08ea000 	C:\WINDOWS\system32\pnrpnsp.dll
0x00007ffea8130000 - 0x00007ffea8148000 	C:\WINDOWS\system32\NLAapi.dll
0x00007ffea8bd0000 - 0x00007ffea8c7a000 	C:\WINDOWS\SYSTEM32\DNSAPI.dll
0x00007ffead510000 - 0x00007ffead518000 	C:\WINDOWS\system32\NSI.dll
0x00007ffea0a20000 - 0x00007ffea0a2d000 	C:\WINDOWS\System32\winrnr.dll
0x00007ffea08f0000 - 0x00007ffea0905000 	C:\WINDOWS\System32\wshbth.dll
0x00007ffe9f730000 - 0x00007ffe9f73a000 	C:\Windows\System32\rasadhlp.dll
0x00007ffea4100000 - 0x00007ffea4138000 	C:\WINDOWS\SYSTEM32\IPHLPAPI.DLL
0x00007ffea3f20000 - 0x00007ffea3f87000 	C:\WINDOWS\System32\fwpuclnt.dll
0x0000000062920000 - 0x0000000062931000 	C:\Program Files\Java\jdk1.7.0_45\jre\bin\nio.dll
0x0000000180000000 - 0x0000000180053000 	C:\Users\Trever\AppData\Local\Temp\libgdxTrever\dc0f0009\lwjgl64.dll
0x00007ffea02a0000 - 0x00007ffea02aa000 	C:\WINDOWS\SYSTEM32\VERSION.dll
0x00007ffe9b400000 - 0x00007ffe9b529000 	C:\WINDOWS\SYSTEM32\OPENGL32.dll
0x00007ffea00b0000 - 0x00007ffea00de000 	C:\WINDOWS\SYSTEM32\GLU32.dll
0x00007ffe9b220000 - 0x00007ffe9b31a000 	C:\WINDOWS\SYSTEM32\DDRAW.dll
0x00007ffea1210000 - 0x00007ffea1218000 	C:\WINDOWS\SYSTEM32\DCIMAN32.dll
0x000000000a140000 - 0x000000000a1a4000 	C:\Users\Trever\AppData\Local\Temp\libgdxTrever\dc0f0009\OpenAL64.dll
0x00007ffeab740000 - 0x00007ffeacc9c000 	C:\WINDOWS\system32\SHELL32.dll
0x00007ffeaa830000 - 0x00007ffeaae74000 	C:\WINDOWS\system32\windows.storage.dll
0x00007ffead830000 - 0x00007ffead882000 	C:\WINDOWS\system32\shlwapi.dll
0x00007ffeaa190000 - 0x00007ffeaa19f000 	C:\WINDOWS\system32\kernel.appcore.dll
0x00007ffeaae80000 - 0x00007ffeaaf35000 	C:\WINDOWS\system32\shcore.dll
0x00007ffeaa1a0000 - 0x00007ffeaa1eb000 	C:\WINDOWS\system32\powrprof.dll
0x00007ffead3c0000 - 0x00007ffead503000 	C:\WINDOWS\system32\ole32.dll
0x00007ffea8a70000 - 0x00007ffea8b06000 	C:\WINDOWS\system32\uxtheme.dll
0x00007ffea0a70000 - 0x00007ffea0b13000 	C:\Program Files\Common Files\microsoft shared\ink\tiptsf.dll
0x00007ffead9a0000 - 0x00007ffeada61000 	C:\WINDOWS\system32\OLEAUT32.dll
0x00007ffeab0c0000 - 0x00007ffeab167000 	C:\WINDOWS\system32\clbcatq.dll
0x00007ffea7f40000 - 0x00007ffea80c6000 	C:\WINDOWS\System32\PROPSYS.dll
0x00007ffe8dbe0000 - 0x00007ffe8dc7c000 	C:\WINDOWS\SYSTEM32\dsound.dll
0x00007ffea5060000 - 0x00007ffea50d0000 	C:\WINDOWS\System32\MMDevApi.dll
0x00007ffea8b80000 - 0x00007ffea8ba7000 	C:\WINDOWS\System32\DEVOBJ.dll
0x00007ffea0980000 - 0x00007ffea0a08000 	C:\WINDOWS\SYSTEM32\AUDIOSES.DLL
0x00007ffea65b0000 - 0x00007ffea66e6000 	C:\WINDOWS\SYSTEM32\wintypes.dll
0x00007ffead520000 - 0x00007ffead67a000 	C:\WINDOWS\system32\MSCTF.dll
0x00007ffea7d50000 - 0x00007ffea7d72000 	C:\WINDOWS\system32\dwmapi.dll
0x00007ffe82540000 - 0x00007ffe82d73000 	C:\WINDOWS\SYSTEM32\ig7icd64.dll
0x00007ffea5310000 - 0x00007ffea576f000 	C:\WINDOWS\SYSTEM32\igdusc64.dll
0x00007ffea82a0000 - 0x00007ffea82b3000 	C:\WINDOWS\SYSTEM32\WTSAPI32.dll
0x00007ffe90a90000 - 0x00007ffe90b21000 	C:\WINDOWS\SYSTEM32\mscms.dll
0x00007ffea1c70000 - 0x00007ffea1cb2000 	C:\WINDOWS\SYSTEM32\icm32.dll
0x00007ffea0540000 - 0x00007ffea069c000 	C:\Windows\System32\uiautomationcore.dll
0x00007ffeaa020000 - 0x00007ffeaa0b9000 	C:\WINDOWS\SYSTEM32\sxs.dll
0x00007ffea0350000 - 0x00007ffea03ba000 	C:\Windows\System32\OLEACC.dll
0x0000000066bc0000 - 0x0000000066c7b000 	C:\Users\Trever\AppData\Local\Temp\libgdxTrever\4d3c1ee0\gdx-box2d64.dll
0x00007ffea4ed0000 - 0x00007ffea505c000 	C:\WINDOWS\SYSTEM32\dbghelp.dll

VM Arguments:
jvm_args: -Dfile.encoding=Cp1252 
java_command: com.mock.desktop.DesktopLauncher
Launcher Type: SUN_STANDARD

Environment Variables:
JAVA_HOME=C:\Program Files\Java\jdk1.7.0_45
PATH=C:/Program Files/Java/jdk1.7.0_45/jre/bin/server;C:/Program Files/Java/jdk1.7.0_45/jre/bin;C:/Program Files/Java/jdk1.7.0_45/jre/lib/amd64;C:\Perl64\bin;C:\ProgramData\Oracle\Java\javapath;C:\WINDOWS\system32;C:\WINDOWS;C:\WINDOWS\System32\Wbem;C:\WINDOWS\System32\WindowsPowerShell\v1.0\;C:\Program Files (x86)\Windows Live\Shared;C:\Program Files (x86)\Skype\Phone\;C:\Program Files\TortoiseSVN\bin;C:\Users\Trever\AppData\Local\Programs\Python\Python35-32\Scripts\;C:\Users\Trever\AppData\Local\Programs\Python\Python35-32\;C:\Program Files\Java\jdk1.7.0_45\bin;C:\Users\Trever\ant\bin;C:\Program Files (x86)\clisp-2.49;C:\Perl64\bin;C:\WINDOWS\System32;
USERNAME=Trever
OS=Windows_NT
PROCESSOR_IDENTIFIER=Intel64 Family 6 Model 58 Stepping 9, GenuineIntel



---------------  S Y S T E M  ---------------

OS: Windows 8 , 64 bit Build 9200 

CPU:total 4 (2 cores per cpu, 2 threads per core) family 6 model 58 stepping 9, cmov, cx8, fxsr, mmx, sse, sse2, sse3, ssse3, sse4.1, sse4.2, popcnt, avx, aes, erms, ht, tsc, tscinvbit, tscinv

Memory: 4k page, physical 4070680k(956052k free), swap 4791576k(850356k free)

vm_info: Java HotSpot(TM) 64-Bit Server VM (24.45-b08) for windows-amd64 JRE (1.7.0_45-b18), built on Oct  8 2013 05:47:22 by "java_re" with unknown MS VC++:1600

time: Thu Jun 16 17:45:06 2016
elapsed time: 3 seconds

